{"/Users/sanjughandhi/Documents/TSI /React App/Movie/src/App.tsx": {"path":"/Users/sanjughandhi/Documents/TSI /React App/Movie/src/App.tsx","statementMap":{"0":{"start":{"line":11,"column":30},"end":{"line":11,"column":42}},"1":{"start":{"line":12,"column":42},"end":{"line":12,"column":56}},"2":{"start":{"line":13,"column":30},"end":{"line":13,"column":44}},"3":{"start":{"line":14,"column":40},"end":{"line":14,"column":52}},"4":{"start":{"line":17,"column":30},"end":{"line":25,"column":3}},"5":{"start":{"line":18,"column":4},"end":{"line":24,"column":5}},"6":{"start":{"line":19,"column":19},"end":{"line":21,"column":19}},"7":{"start":{"line":20,"column":8},"end":{"line":20,"column":103}},"8":{"start":{"line":20,"column":72},"end":{"line":20,"column":86}},"9":{"start":{"line":23,"column":6},"end":{"line":23,"column":27}},"10":{"start":{"line":28,"column":26},"end":{"line":45,"column":3}},"11":{"start":{"line":29,"column":4},"end":{"line":44,"column":5}},"12":{"start":{"line":30,"column":19},"end":{"line":30,"column":66}},"13":{"start":{"line":31,"column":18},"end":{"line":31,"column":43}},"14":{"start":{"line":33,"column":16},"end":{"line":33,"column":43}},"15":{"start":{"line":34,"column":6},"end":{"line":34,"column":19}},"16":{"start":{"line":35,"column":6},"end":{"line":35,"column":36}},"17":{"start":{"line":37,"column":6},"end":{"line":37,"column":35}},"18":{"start":{"line":40,"column":6},"end":{"line":43,"column":7}},"19":{"start":{"line":41,"column":8},"end":{"line":41,"column":18}},"20":{"start":{"line":42,"column":8},"end":{"line":42,"column":37}},"21":{"start":{"line":49,"column":23},"end":{"line":53,"column":3}},"22":{"start":{"line":50,"column":17},"end":{"line":50,"column":34}},"23":{"start":{"line":51,"column":18},"end":{"line":51,"column":36}},"24":{"start":{"line":52,"column":4},"end":{"line":52,"column":54}},"25":{"start":{"line":52,"column":25},"end":{"line":52,"column":51}},"26":{"start":{"line":55,"column":23},"end":{"line":82,"column":3}},"27":{"start":{"line":56,"column":4},"end":{"line":56,"column":27}},"28":{"start":{"line":58,"column":18},"end":{"line":71,"column":3}},"29":{"start":{"line":73,"column":4},"end":{"line":81,"column":5}},"30":{"start":{"line":74,"column":23},"end":{"line":74,"column":51}},"31":{"start":{"line":75,"column":6},"end":{"line":75,"column":37}},"32":{"start":{"line":76,"column":6},"end":{"line":76,"column":21}},"33":{"start":{"line":78,"column":6},"end":{"line":78,"column":29}},"34":{"start":{"line":79,"column":6},"end":{"line":79,"column":84}},"35":{"start":{"line":80,"column":6},"end":{"line":80,"column":35}},"36":{"start":{"line":85,"column":1},"end":{"line":224,"column":3}},"37":{"start":{"line":194,"column":10},"end":{"line":215,"column":27}},"38":{"start":{"line":197,"column":16},"end":{"line":206,"column":21}},"39":{"start":{"line":203,"column":52},"end":{"line":203,"column":66}},"40":{"start":{"line":204,"column":58},"end":{"line":204,"column":82}}},"fnMap":{"0":{"name":"App","decl":{"start":{"line":10,"column":9},"end":{"line":10,"column":12}},"loc":{"start":{"line":10,"column":15},"end":{"line":225,"column":1}},"line":10},"1":{"name":"(anonymous_1)","decl":{"start":{"line":17,"column":30},"end":{"line":17,"column":31}},"loc":{"start":{"line":17,"column":36},"end":{"line":25,"column":3}},"line":17},"2":{"name":"(anonymous_2)","decl":{"start":{"line":19,"column":43},"end":{"line":19,"column":44}},"loc":{"start":{"line":19,"column":53},"end":{"line":21,"column":7}},"line":19},"3":{"name":"(anonymous_3)","decl":{"start":{"line":20,"column":60},"end":{"line":20,"column":61}},"loc":{"start":{"line":20,"column":72},"end":{"line":20,"column":86}},"line":20},"4":{"name":"(anonymous_4)","decl":{"start":{"line":28,"column":26},"end":{"line":28,"column":27}},"loc":{"start":{"line":28,"column":32},"end":{"line":45,"column":3}},"line":28},"5":{"name":"(anonymous_5)","decl":{"start":{"line":49,"column":23},"end":{"line":49,"column":24}},"loc":{"start":{"line":49,"column":34},"end":{"line":53,"column":3}},"line":49},"6":{"name":"(anonymous_6)","decl":{"start":{"line":52,"column":14},"end":{"line":52,"column":15}},"loc":{"start":{"line":52,"column":25},"end":{"line":52,"column":51}},"line":52},"7":{"name":"(anonymous_7)","decl":{"start":{"line":55,"column":23},"end":{"line":55,"column":24}},"loc":{"start":{"line":55,"column":40},"end":{"line":82,"column":3}},"line":55},"8":{"name":"(anonymous_8)","decl":{"start":{"line":193,"column":33},"end":{"line":193,"column":34}},"loc":{"start":{"line":194,"column":10},"end":{"line":215,"column":27}},"line":194},"9":{"name":"(anonymous_9)","decl":{"start":{"line":196,"column":40},"end":{"line":196,"column":41}},"loc":{"start":{"line":197,"column":16},"end":{"line":206,"column":21}},"line":197},"10":{"name":"(anonymous_10)","decl":{"start":{"line":203,"column":41},"end":{"line":203,"column":42}},"loc":{"start":{"line":203,"column":52},"end":{"line":203,"column":66}},"line":203},"11":{"name":"(anonymous_11)","decl":{"start":{"line":204,"column":44},"end":{"line":204,"column":45}},"loc":{"start":{"line":204,"column":58},"end":{"line":204,"column":82}},"line":204}},"branchMap":{"0":{"loc":{"start":{"line":18,"column":4},"end":{"line":24,"column":5}},"type":"if","locations":[{"start":{"line":18,"column":4},"end":{"line":24,"column":5}},{"start":{},"end":{}}],"line":18},"1":{"loc":{"start":{"line":29,"column":4},"end":{"line":44,"column":5}},"type":"if","locations":[{"start":{"line":29,"column":4},"end":{"line":44,"column":5}},{"start":{},"end":{}}],"line":29},"2":{"loc":{"start":{"line":40,"column":6},"end":{"line":43,"column":7}},"type":"if","locations":[{"start":{"line":40,"column":6},"end":{"line":43,"column":7}},{"start":{},"end":{}}],"line":40},"3":{"loc":{"start":{"line":151,"column":15},"end":{"line":151,"column":38}},"type":"binary-expr","locations":[{"start":{"line":151,"column":15},"end":{"line":151,"column":32}},{"start":{"line":151,"column":36},"end":{"line":151,"column":38}}],"line":151},"4":{"loc":{"start":{"line":158,"column":15},"end":{"line":158,"column":40}},"type":"binary-expr","locations":[{"start":{"line":158,"column":15},"end":{"line":158,"column":34}},{"start":{"line":158,"column":38},"end":{"line":158,"column":40}}],"line":158},"5":{"loc":{"start":{"line":174,"column":5},"end":{"line":221,"column":3}},"type":"binary-expr","locations":[{"start":{"line":174,"column":5},"end":{"line":174,"column":17}},{"start":{"line":175,"column":2},"end":{"line":219,"column":8}}],"line":174},"6":{"loc":{"start":{"line":195,"column":13},"end":{"line":214,"column":13}},"type":"cond-expr","locations":[{"start":{"line":196,"column":14},"end":{"line":207,"column":16}},{"start":{"line":209,"column":14},"end":{"line":213,"column":19}}],"line":195},"7":{"loc":{"start":{"line":205,"column":23},"end":{"line":205,"column":68}},"type":"cond-expr","locations":[{"start":{"line":205,"column":38},"end":{"line":205,"column":60}},{"start":{"line":205,"column":63},"end":{"line":205,"column":68}}],"line":205}},"s":{"0":1,"1":1,"2":1,"3":1,"4":1,"5":0,"6":0,"7":0,"8":0,"9":0,"10":1,"11":0,"12":0,"13":0,"14":0,"15":0,"16":0,"17":0,"18":0,"19":0,"20":0,"21":1,"22":0,"23":0,"24":0,"25":0,"26":1,"27":0,"28":0,"29":0,"30":0,"31":0,"32":0,"33":0,"34":0,"35":0,"36":1,"37":0,"38":0,"39":0,"40":0},"f":{"0":1,"1":0,"2":0,"3":0,"4":0,"5":0,"6":0,"7":0,"8":0,"9":0,"10":0,"11":0},"b":{"0":[0,0],"1":[0,0],"2":[0,0],"3":[1,1],"4":[1,1],"5":[1,0],"6":[0,0],"7":[0,0]},"_coverageSchema":"1a1c01bbd47fc00a2c39e90264f33305004495a9","hash":"62a48e70585736c9a5c022249d4c99953fd6bdc3"}
}
