TN:
SF:src/App.tsx
FN:10,App
FN:17,(anonymous_1)
FN:19,(anonymous_2)
FN:20,(anonymous_3)
FN:28,(anonymous_4)
FN:49,(anonymous_5)
FN:52,(anonymous_6)
FN:55,(anonymous_7)
FN:193,(anonymous_8)
FN:196,(anonymous_9)
FN:203,(anonymous_10)
FN:204,(anonymous_11)
FNF:12
FNH:1
FNDA:1,App
FNDA:0,(anonymous_1)
FNDA:0,(anonymous_2)
FNDA:0,(anonymous_3)
FNDA:0,(anonymous_4)
FNDA:0,(anonymous_5)
FNDA:0,(anonymous_6)
FNDA:0,(anonymous_7)
FNDA:0,(anonymous_8)
FNDA:0,(anonymous_9)
FNDA:0,(anonymous_10)
FNDA:0,(anonymous_11)
DA:11,1
DA:12,1
DA:13,1
DA:14,1
DA:17,1
DA:18,0
DA:19,0
DA:20,0
DA:23,0
DA:28,1
DA:29,0
DA:30,0
DA:31,0
DA:33,0
DA:34,0
DA:35,0
DA:37,0
DA:40,0
DA:41,0
DA:42,0
DA:49,1
DA:50,0
DA:51,0
DA:52,0
DA:55,1
DA:56,0
DA:58,0
DA:73,0
DA:74,0
DA:75,0
DA:76,0
DA:78,0
DA:79,0
DA:80,0
DA:85,1
DA:194,0
DA:197,0
DA:203,0
DA:204,0
LF:39
LH:9
BRDA:18,0,0,0
BRDA:18,0,1,0
BRDA:29,1,0,0
BRDA:29,1,1,0
BRDA:40,2,0,0
BRDA:40,2,1,0
BRDA:151,3,0,1
BRDA:151,3,1,1
BRDA:158,4,0,1
BRDA:158,4,1,1
BRDA:174,5,0,1
BRDA:174,5,1,0
BRDA:195,6,0,0
BRDA:195,6,1,0
BRDA:205,7,0,0
BRDA:205,7,1,0
BRF:16
BRH:5
end_of_record
